Test: Many instances, unreliable RPC ...
before prepare v=0, index=0 ...
before prepare v=0, index=1 ...
before prepare v=10, index=0 ...
before prepare v=0, index=2 ...
before prepare v=11, index=1 ...
before prepare v=12, index=2 ...
before prepare v=20, index=0 ...
before prepare v=22, index=2 ...
before prepare v=21, index=1 ...
unexpected EOF
unexpected EOF
read unix /var/tmp/824-1000/px-30595-manyun-1: connection reset by peer
read unix /var/tmp/824-1000/px-30595-manyun-0: connection reset by peer
before accept v= {2 10}, index=0 ...
before accept v= {2 20}, index=0 ...
before accept v= {4 12}, index=2 ...
write unix /var/tmp/824-1000/px-30595-manyun-1: broken pipe
before accept v= {4 22}, index=2 ...
before accept v= {4 0}, index=2 ...
unexpected EOF
unexpected EOF
before prepare v=10, index=0 ...
before accept v= {2 0}, index=0 ...
unexpected EOF
read unix /var/tmp/824-1000/px-30595-manyun-1: connection reset by peer
before prepare v=21, index=1 ...
unexpected EOF
before prepare v=11, index=1 ...
before prepare v=0, index=1 ...
before prepare v=20, index=0 ...
before prepare v=12, index=2 ...
read unix /var/tmp/824-1000/px-30595-manyun-1: connection reset by peer
decided v={4 0}, index=%!v(MISSING) ...
before prepare v=0, index=0 ...
before accept v= {6 10}, index=0 ...
unexpected EOF
write unix /var/tmp/824-1000/px-30595-manyun-1: broken pipe
decided v={4 22}, index=%!v(MISSING) ...
before accept v= {10 22}, index=0 ...
unexpected EOF
before prepare v=10, index=0 ...
before accept v= {7 22}, index=1 ...
read unix /var/tmp/824-1000/px-30595-manyun-1: connection reset by peer
unexpected EOF
unexpected EOF
before accept v= {8 0}, index=1 ...
before accept v= {8 10}, index=1 ...
read unix /var/tmp/824-1000/px-30595-manyun-0: connection reset by peer
before accept v= {14 10}, index=0 ...
unexpected EOF
unexpected EOF
decided v={14 10}, index=%!v(MISSING) ...
unexpected EOF
before accept v= {11 12}, index=2 ...
before prepare v=0, index=1 ...
before accept v= {15 0}, index=1 ...
decided v={15 0}, index=%!v(MISSING) ...
decided values : seq=0 i=0 v=<nil> v1=0 ...
decided values : seq=0 i=1 v=0 v1=0 ...
decided values : seq=0 i=2 v=0 v1=0 ...
decided values : seq=1 i=0 v=<nil> v1=10 ...
decided values : seq=1 i=1 v=10 v1=10 ...
decided values : seq=1 i=2 v=10 v1=10 ...
decided values : seq=2 i=0 v=<nil> v1=22 ...
decided values : seq=2 i=1 v=22 v1=22 ...
decided values : seq=2 i=2 v=22 v1=22 ...
before prepare v=30, index=0 ...
before prepare v=31, index=1 ...
before prepare v=32, index=2 ...
before prepare v=40, index=0 ...
before prepare v=41, index=1 ...
before prepare v=42, index=2 ...
before prepare v=52, index=2 ...
before prepare v=51, index=1 ...
before prepare v=50, index=0 ...
write unix /var/tmp/824-1000/px-30595-manyun-1: broken pipe
unexpected EOF
read unix /var/tmp/824-1000/px-30595-manyun-1: connection reset by peer
before accept v= {4 42}, index=2 ...
before accept v= {4 32}, index=2 ...
before accept v= {2 50}, index=0 ...
write unix /var/tmp/824-1000/px-30595-manyun-0: broken pipe
before accept v= {4 52}, index=2 ...
before accept v= {3 31}, index=1 ...
before accept v= {2 30}, index=0 ...
before accept v= {3 41}, index=1 ...
before accept v= {2 40}, index=0 ...
before accept v= {3 51}, index=1 ...
decided v={4 32}, index=%!v(MISSING) ...
unexpected EOF
unexpected EOF
before prepare v=51, index=1 ...
read unix /var/tmp/824-1000/px-30595-manyun-1: connection reset by peer
decided v={4 42}, index=%!v(MISSING) ...
unexpected EOF
read unix /var/tmp/824-1000/px-30595-manyun-0: connection reset by peer
before prepare v=50, index=0 ...
unexpected EOF
before prepare v=41, index=1 ...
before accept v= {8 51}, index=1 ...
unexpected EOF
decided v={4 52}, index=%!v(MISSING) ...
unexpected EOF
before accept v= {7 52}, index=0 ...
unexpected EOF
decided v={8 51}, index=%!v(MISSING) ...
unexpected EOF
decided values : seq=3 i=0 v=<nil> v1=32 ...
decided values : seq=3 i=1 v=32 v1=32 ...
decided values : seq=3 i=2 v=32 v1=32 ...
decided values : seq=4 i=0 v=<nil> v1=42 ...
decided values : seq=4 i=1 v=42 v1=42 ...
decided values : seq=4 i=2 v=42 v1=42 ...
before prepare v=60, index=0 ...
decided values : seq=5 i=0 v=<nil> v1=51 ...
decided values : seq=5 i=1 v=51 v1=51 ...
decided values : seq=5 i=2 v=51 v1=51 ...
before prepare v=62, index=2 ...
before prepare v=61, index=1 ...
before prepare v=70, index=0 ...
before prepare v=71, index=1 ...
before prepare v=72, index=2 ...
before prepare v=80, index=0 ...
before prepare v=81, index=1 ...
before prepare v=82, index=2 ...
read unix /var/tmp/824-1000/px-30595-manyun-0: connection reset by peer
before accept v= {2 60}, index=0 ...
before accept v= {3 61}, index=1 ...
before accept v= {2 80}, index=0 ...
before accept v= {2 70}, index=0 ...
unexpected EOF
before accept v= {3 81}, index=1 ...
before accept v= {4 62}, index=2 ...
before accept v= {4 82}, index=2 ...
before accept v= {4 72}, index=2 ...
read unix /var/tmp/824-1000/px-30595-manyun-0: connection reset by peer
write unix /var/tmp/824-1000/px-30595-manyun-0: broken pipe
write unix /var/tmp/824-1000/px-30595-manyun-0: broken pipe
unexpected EOF
before prepare v=82, index=2 ...
decided v={4 72}, index=%!v(MISSING) ...
decided v={4 62}, index=%!v(MISSING) ...
before accept v= {9 82}, index=2 ...
read unix /var/tmp/824-1000/px-30595-manyun-1: connection reset by peer
decided v={9 82}, index=%!v(MISSING) ...
before prepare v=80, index=0 ...
unexpected EOF
unexpected EOF
before prepare v=61, index=1 ...
before prepare v=81, index=1 ...
before accept v= {8 62}, index=1 ...
unexpected EOF
unexpected EOF
before prepare v=61, index=1 ...
before accept v= {12 62}, index=1 ...
decided v={12 62}, index=%!v(MISSING) ...
decided values : seq=6 i=0 v=<nil> v1=62 ...
decided values : seq=6 i=1 v=62 v1=62 ...
decided values : seq=6 i=2 v=62 v1=62 ...
decided values : seq=7 i=0 v=<nil> v1=72 ...
decided values : seq=7 i=1 v=72 v1=72 ...
decided values : seq=7 i=2 v=72 v1=72 ...
decided values : seq=8 i=0 v=<nil> v1=82 ...
decided values : seq=8 i=1 v=82 v1=82 ...
decided values : seq=8 i=2 v=82 v1=82 ...
before prepare v=90, index=0 ...
before prepare v=91, index=1 ...
before prepare v=92, index=2 ...
before prepare v=100, index=0 ...
before prepare v=101, index=1 ...
before prepare v=102, index=2 ...
write unix /var/tmp/824-1000/px-30595-manyun-0: broken pipe
before prepare v=110, index=0 ...
before prepare v=111, index=1 ...
before prepare v=112, index=2 ...
unexpected EOF
before accept v= {2 90}, index=0 ...
unexpected EOF
before accept v= {4 102}, index=2 ...
unexpected EOF
unexpected EOF
before accept v= {3 91}, index=1 ...
before prepare v=101, index=1 ...
read unix /var/tmp/824-1000/px-30595-manyun-1: connection reset by peer
before accept v= {4 112}, index=2 ...
read unix /var/tmp/824-1000/px-30595-manyun-0: connection reset by peer
before prepare v=102, index=2 ...
read unix /var/tmp/824-1000/px-30595-manyun-0: connection reset by peer
unexpected EOF
unexpected EOF
before prepare v=90, index=0 ...
read unix /var/tmp/824-1000/px-30595-manyun-2: connection reset by peer
before accept v= {3 111}, index=1 ...
unexpected EOF
before prepare v=112, index=2 ...
unexpected EOF
before accept v= {4 92}, index=2 ...
before accept v= {2 110}, index=0 ...
decided v={3 91}, index=%!v(MISSING) ...
before accept v= {9 102}, index=2 ...
before prepare v=111, index=1 ...
unexpected EOF
before prepare v=110, index=0 ...
unexpected EOF
before accept v= {2 100}, index=0 ...
decided v={9 102}, index=%!v(MISSING) ...
before accept v= {8 102}, index=1 ...
read unix /var/tmp/824-1000/px-30595-manyun-1: connection reset by peer
before prepare v=92, index=2 ...
before accept v= {9 112}, index=2 ...
unexpected EOF
unexpected EOF
unexpected EOF
before accept v= {8 112}, index=1 ...
before prepare v=112, index=2 ...
before accept v= {7 110}, index=0 ...
read unix /var/tmp/824-1000/px-30595-manyun-0: connection reset by peer
unexpected EOF
read unix /var/tmp/824-1000/px-30595-manyun-1: connection reset by peer
before accept v= {14 112}, index=2 ...
before prepare v=111, index=1 ...
before prepare v=110, index=0 ...
unexpected EOF
decided v={14 112}, index=%!v(MISSING) ...
unexpected EOF
before accept v= {13 112}, index=1 ...
unexpected EOF
decided values : seq=9 i=0 v=<nil> v1=91 ...
decided values : seq=9 i=1 v=91 v1=91 ...
decided values : seq=9 i=2 v=91 v1=91 ...
decided values : seq=10 i=0 v=<nil> v1=102 ...
decided values : seq=10 i=1 v=102 v1=102 ...
decided values : seq=10 i=2 v=102 v1=102 ...
decided values : seq=11 i=0 v=<nil> v1=112 ...
decided values : seq=11 i=1 v=112 v1=112 ...
decided values : seq=11 i=2 v=112 v1=112 ...
before prepare v=130, index=0 ...
before prepare v=120, index=0 ...
before prepare v=131, index=1 ...
before prepare v=121, index=1 ...
before prepare v=132, index=2 ...
before prepare v=122, index=2 ...
before prepare v=140, index=0 ...
before prepare v=141, index=1 ...
before prepare v=142, index=2 ...
read unix /var/tmp/824-1000/px-30595-manyun-0: connection reset by peer
unexpected EOF
read unix /var/tmp/824-1000/px-30595-manyun-0: connection reset by peer
before accept v= {4 122}, index=2 ...
read unix /var/tmp/824-1000/px-30595-manyun-2: connection reset by peer
before prepare v=130, index=0 ...
unexpected EOF
read unix /var/tmp/824-1000/px-30595-manyun-1: connection reset by peer
before accept v= {4 142}, index=2 ...
read unix /var/tmp/824-1000/px-30595-manyun-1: connection reset by peer
before accept v= {4 132}, index=2 ...
read unix /var/tmp/824-1000/px-30595-manyun-0: connection reset by peer
before accept v= {3 121}, index=1 ...
before accept v= {3 131}, index=1 ...
before accept v= {3 141}, index=1 ...
before accept v= {2 140}, index=0 ...
unexpected EOF
decided v={4 122}, index=%!v(MISSING) ...
write unix /var/tmp/824-1000/px-30595-manyun-0: broken pipe
unexpected EOF
before prepare v=121, index=1 ...
before accept v= {7 130}, index=0 ...
unexpected EOF
before accept v= {2 120}, index=0 ...
before prepare v=140, index=0 ...
read unix /var/tmp/824-1000/px-30595-manyun-1: connection reset by peer
before prepare v=131, index=1 ...
before accept v= {8 122}, index=1 ...
decided v={3 141}, index=%!v(MISSING) ...
before prepare v=132, index=2 ...
read unix /var/tmp/824-1000/px-30595-manyun-2: connection reset by peer
before prepare v=120, index=0 ...
unexpected EOF
write unix /var/tmp/824-1000/px-30595-manyun-2: broken pipe
unexpected EOF
before accept v= {7 142}, index=0 ...
unexpected EOF
before accept v= {11 130}, index=1 ...
decided v={4 142}, index=%!v(MISSING) ...
unexpected EOF
unexpected EOF
decided v={7 130}, index=%!v(MISSING) ...
decided v={8 122}, index=%!v(MISSING) ...
unexpected EOF
before accept v= {11 122}, index=0 ...
unexpected EOF
before accept v= {12 130}, index=2 ...
read unix /var/tmp/824-1000/px-30595-manyun-2: connection reset by peer
decided values : seq=12 i=0 v=<nil> v1=122 ...
decided values : seq=12 i=1 v=122 v1=122 ...
decided values : seq=12 i=2 v=122 v1=122 ...
decided values : seq=13 i=0 v=<nil> v1=130 ...
decided values : seq=13 i=1 v=130 v1=130 ...
decided values : seq=13 i=2 v=130 v1=130 ...
decided values : seq=14 i=0 v=<nil> v1=141 ...
decided values : seq=14 i=1 v=141 v1=142 ...
before prepare v=150, index=0 ...
read unix /var/tmp/824-1000/px-30595-manyun-1: connection reset by peer
--- FAIL: TestManyUnreliable (0.13 seconds)
	test_test.go:43: decided values do not match; seq=14 i=1 v=141 v1=142
FAIL
exit status 1
FAIL	paxos	0.140s
